<?xml version="1.0" encoding="UTF-8"?>
<testng-results ignored="0" total="1" passed="1" failed="0" skipped="0">
  <reporter-output>
  </reporter-output>
  <suite started-at="2021-10-02T15:04:00 IST" name="Default suite" finished-at="2021-10-02T15:04:16 IST" duration-ms="15409">
    <groups>
    </groups>
    <test started-at="2021-10-02T15:04:00 IST" name="Default test" finished-at="2021-10-02T15:04:16 IST" duration-ms="15409">
      <class name="First_framework.Testcase1">
        <test-method is-config="true" signature="setUp()[pri:0, instance:First_framework.Testcase1@223aa2f7]" started-at="2021-10-02T15:04:00 IST" name="setUp" finished-at="2021-10-02T15:04:05 IST" duration-ms="4911" status="PASS">
          <reporter-output>
          </reporter-output>
        </test-method> <!-- setUp -->
        <test-method signature="testRegister()[pri:0, instance:First_framework.Testcase1@223aa2f7]" started-at="2021-10-02T15:04:05 IST" name="testRegister" finished-at="2021-10-02T15:04:15 IST" duration-ms="9621" status="PASS">
          <reporter-output>
          </reporter-output>
        </test-method> <!-- testRegister -->
        <test-method is-config="true" signature="tearDown()[pri:0, instance:First_framework.Testcase1@223aa2f7]" started-at="2021-10-02T15:04:15 IST" name="tearDown" finished-at="2021-10-02T15:04:16 IST" duration-ms="837" status="PASS">
          <reporter-output>
          </reporter-output>
        </test-method> <!-- tearDown -->
      </class> <!-- First_framework.Testcase1 -->
    </test> <!-- Default test -->
  </suite> <!-- Default suite -->
</testng-results>
